cat <<'EOF' |
LAST_UPDATED: Obtained from git: releases/gcc-12.2.0 revision 2ee5e4300186a92ad73f1a1a64cb918dc76c8d67

		=== acats tests ===

		=== acats Summary ===
# of expected passes		2328
# of unexpected failures	0
Native configuration is x86_64-pc-linux-gnu

		=== g++ tests ===


Running target unix
XPASS: c-c++-common/goacc/kernels-decompose-pr100400-1-2.c  -std=c++98 (internal compiler error)
FAIL: c-c++-common/goacc/kernels-decompose-pr100400-1-2.c  -std=c++98 (test for excess errors)
XPASS: c-c++-common/goacc/kernels-decompose-pr100400-1-2.c  -std=c++14 (internal compiler error)
FAIL: c-c++-common/goacc/kernels-decompose-pr100400-1-2.c  -std=c++14 (test for excess errors)
XPASS: c-c++-common/goacc/kernels-decompose-pr100400-1-2.c  -std=c++17 (internal compiler error)
FAIL: c-c++-common/goacc/kernels-decompose-pr100400-1-2.c  -std=c++17 (test for excess errors)
XPASS: c-c++-common/goacc/kernels-decompose-pr100400-1-2.c  -std=c++20 (internal compiler error)
FAIL: c-c++-common/goacc/kernels-decompose-pr100400-1-2.c  -std=c++20 (test for excess errors)
FAIL: g++.dg/guality/pr55665.C   -O2 -flto -fno-use-linker-plugin -flto-partition=none  line 23 p == 40

		=== g++ Summary ===

# of expected passes		230287
# of unexpected failures	5
# of unexpected successes	4
# of expected failures		2069
# of unsupported tests		9974
/home/rpmbuilder/rpmbuild/BUILD/gcc-12.2.0/build/gcc/xg++  version 12.2.0 (GCC) 

		=== gcc tests ===


Running target unix
XPASS: gcc.dg/guality/example.c   -O0  execution test
XPASS: gcc.dg/guality/example.c   -O1  -DPREVENT_OPTIMIZATION  execution test
XPASS: gcc.dg/guality/example.c  -Og -DPREVENT_OPTIMIZATION  execution test
XPASS: gcc.dg/guality/example.c   -O2 -flto -fno-use-linker-plugin -flto-partition=none  -DPREVENT_OPTIMIZATION execution test
XPASS: gcc.dg/guality/guality.c   -O0  execution test
XPASS: gcc.dg/guality/guality.c   -O1  -DPREVENT_OPTIMIZATION  execution test
XPASS: gcc.dg/guality/guality.c   -O2  -DPREVENT_OPTIMIZATION  execution test
XPASS: gcc.dg/guality/guality.c   -O3 -g  -DPREVENT_OPTIMIZATION  execution test
XPASS: gcc.dg/guality/guality.c   -Os  -DPREVENT_OPTIMIZATION  execution test
XPASS: gcc.dg/guality/guality.c  -Og -DPREVENT_OPTIMIZATION  execution test
XPASS: gcc.dg/guality/guality.c   -O2 -flto -fno-use-linker-plugin -flto-partition=none  -DPREVENT_OPTIMIZATION execution test
XPASS: gcc.dg/guality/guality.c   -O2 -flto -fuse-linker-plugin -fno-fat-lto-objects  -DPREVENT_OPTIMIZATION execution test
XPASS: gcc.dg/guality/inline-params.c   -O2  -DPREVENT_OPTIMIZATION  execution test
XPASS: gcc.dg/guality/inline-params.c   -O3 -g  -DPREVENT_OPTIMIZATION  execution test
XPASS: gcc.dg/guality/inline-params.c   -Os  -DPREVENT_OPTIMIZATION  execution test
XPASS: gcc.dg/guality/inline-params.c   -O2 -flto -fno-use-linker-plugin -flto-partition=none  -DPREVENT_OPTIMIZATION execution test
XPASS: gcc.dg/guality/inline-params.c   -O2 -flto -fuse-linker-plugin -fno-fat-lto-objects  -DPREVENT_OPTIMIZATION execution test
XPASS: gcc.dg/guality/ipa-sra-1.c   -O0  line 15 k == 3
XPASS: gcc.dg/guality/ipa-sra-1.c   -O1  -DPREVENT_OPTIMIZATION  line 15 k == 3
XPASS: gcc.dg/guality/ipa-sra-1.c  -Og -DPREVENT_OPTIMIZATION  line 15 k == 3
FAIL: gcc.dg/guality/loop-1.c   -O3 -fomit-frame-pointer -funroll-loops -fpeel-loops -ftracer -finline-functions  -DPREVENT_OPTIMIZATION  line 20 i == 1
XPASS: gcc.dg/guality/pr41353-1.c  -Og -DPREVENT_OPTIMIZATION  line 28 j == 28 + 37
FAIL: gcc.dg/guality/pr41447-1.c   -O2  -DPREVENT_OPTIMIZATION  execution test
FAIL: gcc.dg/guality/pr41447-1.c   -O3 -g  -DPREVENT_OPTIMIZATION  execution test
FAIL: gcc.dg/guality/pr41447-1.c   -Os  -DPREVENT_OPTIMIZATION  execution test
FAIL: gcc.dg/guality/pr41616-1.c   -O2  -DPREVENT_OPTIMIZATION  execution test
FAIL: gcc.dg/guality/pr41616-1.c   -O3 -g  -DPREVENT_OPTIMIZATION  execution test
FAIL: gcc.dg/guality/pr41616-1.c   -O2 -flto -fno-use-linker-plugin -flto-partition=none  -DPREVENT_OPTIMIZATION execution test
FAIL: gcc.dg/guality/pr43051-1.c   -O3 -fomit-frame-pointer -funroll-loops -fpeel-loops -ftracer -finline-functions  -DPREVENT_OPTIMIZATION  line 34 c == &a[0]
FAIL: gcc.dg/guality/pr43051-1.c   -O3 -fomit-frame-pointer -funroll-loops -fpeel-loops -ftracer -finline-functions  -DPREVENT_OPTIMIZATION  line 39 c == &a[0]
FAIL: gcc.dg/guality/pr54200.c  -Og -DPREVENT_OPTIMIZATION  line 20 z == 3
FAIL: gcc.dg/guality/pr54519-1.c   -O2 -flto -fno-use-linker-plugin -flto-partition=none  -DPREVENT_OPTIMIZATION line 20 y == 25
FAIL: gcc.dg/guality/pr54519-1.c   -O2 -flto -fno-use-linker-plugin -flto-partition=none  -DPREVENT_OPTIMIZATION line 20 z == 6
FAIL: gcc.dg/guality/pr54519-1.c   -O2 -flto -fno-use-linker-plugin -flto-partition=none  -DPREVENT_OPTIMIZATION line 23 y == 117
FAIL: gcc.dg/guality/pr54519-1.c   -O2 -flto -fno-use-linker-plugin -flto-partition=none  -DPREVENT_OPTIMIZATION line 23 z == 8
FAIL: gcc.dg/guality/pr54519-1.c   -O2 -flto -fuse-linker-plugin -fno-fat-lto-objects  -DPREVENT_OPTIMIZATION line 20 y == 25
FAIL: gcc.dg/guality/pr54519-1.c   -O2 -flto -fuse-linker-plugin -fno-fat-lto-objects  -DPREVENT_OPTIMIZATION line 20 z == 6
FAIL: gcc.dg/guality/pr54519-1.c   -O2 -flto -fuse-linker-plugin -fno-fat-lto-objects  -DPREVENT_OPTIMIZATION line 23 y == 117
FAIL: gcc.dg/guality/pr54519-1.c   -O2 -flto -fuse-linker-plugin -fno-fat-lto-objects  -DPREVENT_OPTIMIZATION line 23 z == 8
FAIL: gcc.dg/guality/pr54519-2.c   -O2 -flto -fno-use-linker-plugin -flto-partition=none  -DPREVENT_OPTIMIZATION line 17 y == 25
FAIL: gcc.dg/guality/pr54519-2.c   -O2 -flto -fuse-linker-plugin -fno-fat-lto-objects  -DPREVENT_OPTIMIZATION line 17 y == 25
FAIL: gcc.dg/guality/pr54519-3.c   -O2 -flto -fno-use-linker-plugin -flto-partition=none  -DPREVENT_OPTIMIZATION line 20 y == 25
FAIL: gcc.dg/guality/pr54519-3.c   -O2 -flto -fno-use-linker-plugin -flto-partition=none  -DPREVENT_OPTIMIZATION line 20 z == 6
FAIL: gcc.dg/guality/pr54519-3.c   -O2 -flto -fno-use-linker-plugin -flto-partition=none  -DPREVENT_OPTIMIZATION line 23 y == 117
FAIL: gcc.dg/guality/pr54519-3.c   -O2 -flto -fno-use-linker-plugin -flto-partition=none  -DPREVENT_OPTIMIZATION line 23 z == 8
FAIL: gcc.dg/guality/pr54519-3.c   -O2 -flto -fuse-linker-plugin -fno-fat-lto-objects  -DPREVENT_OPTIMIZATION line 20 y == 25
FAIL: gcc.dg/guality/pr54519-3.c   -O2 -flto -fuse-linker-plugin -fno-fat-lto-objects  -DPREVENT_OPTIMIZATION line 20 z == 6
FAIL: gcc.dg/guality/pr54519-3.c   -O2 -flto -fuse-linker-plugin -fno-fat-lto-objects  -DPREVENT_OPTIMIZATION line 23 y == 117
FAIL: gcc.dg/guality/pr54519-3.c   -O2 -flto -fuse-linker-plugin -fno-fat-lto-objects  -DPREVENT_OPTIMIZATION line 23 z == 8
FAIL: gcc.dg/guality/pr54519-4.c   -O2 -flto -fno-use-linker-plugin -flto-partition=none  -DPREVENT_OPTIMIZATION line 17 y == 25
FAIL: gcc.dg/guality/pr54519-4.c   -O2 -flto -fuse-linker-plugin -fno-fat-lto-objects  -DPREVENT_OPTIMIZATION line 17 y == 25
FAIL: gcc.dg/guality/pr54519-5.c   -O2 -flto -fno-use-linker-plugin -flto-partition=none  -DPREVENT_OPTIMIZATION line 17 y == 25
FAIL: gcc.dg/guality/pr54519-5.c   -O2 -flto -fuse-linker-plugin -fno-fat-lto-objects  -DPREVENT_OPTIMIZATION line 17 y == 25
FAIL: gcc.dg/guality/pr54519-6.c   -Os  -DPREVENT_OPTIMIZATION  line 11 x == 2
FAIL: gcc.dg/guality/pr56154-1.c  -Og -DPREVENT_OPTIMIZATION  line pr56154-1.c:20 x.a == 6
FAIL: gcc.dg/guality/pr59776.c  -Og -DPREVENT_OPTIMIZATION  line pr59776.c:17 s1.f == 5.0
FAIL: gcc.dg/guality/pr59776.c  -Og -DPREVENT_OPTIMIZATION  line pr59776.c:17 s1.g == 6.0
FAIL: gcc.dg/guality/pr59776.c  -Og -DPREVENT_OPTIMIZATION  line pr59776.c:17 s2.f == 0.0
FAIL: gcc.dg/guality/pr59776.c  -Og -DPREVENT_OPTIMIZATION  line pr59776.c:20 s1.f == 5.0
FAIL: gcc.dg/guality/pr59776.c  -Og -DPREVENT_OPTIMIZATION  line pr59776.c:20 s1.g == 6.0
FAIL: gcc.dg/guality/pr59776.c  -Og -DPREVENT_OPTIMIZATION  line pr59776.c:20 s2.f == 5.0
FAIL: gcc.dg/guality/pr90074.c   -O2 -flto -fuse-linker-plugin -fno-fat-lto-objects  -DPREVENT_OPTIMIZATION line 28 i + 1 == 8
FAIL: gcc.dg/guality/pr90074.c   -O2 -flto -fuse-linker-plugin -fno-fat-lto-objects  -DPREVENT_OPTIMIZATION line 28 c + 1 == 2
FAIL: gcc.dg/guality/pr90716.c   -O2 -flto -fuse-linker-plugin -fno-fat-lto-objects  -DPREVENT_OPTIMIZATION line 23 j + 1 == 9
FAIL: gcc.dg/guality/sra-1.c   -O2  -DPREVENT_OPTIMIZATION  line 43 a.j == 14
FAIL: gcc.dg/guality/sra-1.c   -O3 -g  -DPREVENT_OPTIMIZATION  line 43 a.j == 14
FAIL: gcc.dg/guality/sra-1.c   -Os  -DPREVENT_OPTIMIZATION  line 43 a.j == 14
FAIL: gcc.dg/guality/sra-1.c  -Og -DPREVENT_OPTIMIZATION  line 21 a.i == 4
FAIL: gcc.dg/guality/sra-1.c  -Og -DPREVENT_OPTIMIZATION  line 21 a.j == 14
FAIL: gcc.dg/guality/sra-1.c  -Og -DPREVENT_OPTIMIZATION  line 32 a[0] == 4
FAIL: gcc.dg/guality/sra-1.c  -Og -DPREVENT_OPTIMIZATION  line 32 a[1] == 14
FAIL: gcc.dg/guality/sra-1.c  -Og -DPREVENT_OPTIMIZATION  line 43 a.i == 4
FAIL: gcc.dg/guality/sra-1.c  -Og -DPREVENT_OPTIMIZATION  line 43 a.j == 14
FAIL: gcc.dg/guality/sra-1.c   -O2 -flto -fno-use-linker-plugin -flto-partition=none  -DPREVENT_OPTIMIZATION line 43 a.j == 14
FAIL: gcc.dg/guality/sra-1.c   -O2 -flto -fuse-linker-plugin -fno-fat-lto-objects  -DPREVENT_OPTIMIZATION line 21 a.i == 4
FAIL: gcc.dg/guality/sra-1.c   -O2 -flto -fuse-linker-plugin -fno-fat-lto-objects  -DPREVENT_OPTIMIZATION line 21 a.j == 14
FAIL: gcc.dg/guality/sra-1.c   -O2 -flto -fuse-linker-plugin -fno-fat-lto-objects  -DPREVENT_OPTIMIZATION line 32 a[0] == 4
FAIL: gcc.dg/guality/sra-1.c   -O2 -flto -fuse-linker-plugin -fno-fat-lto-objects  -DPREVENT_OPTIMIZATION line 32 a[1] == 14
FAIL: gcc.dg/guality/sra-1.c   -O2 -flto -fuse-linker-plugin -fno-fat-lto-objects  -DPREVENT_OPTIMIZATION line 43 a.i == 4
FAIL: gcc.dg/guality/sra-1.c   -O2 -flto -fuse-linker-plugin -fno-fat-lto-objects  -DPREVENT_OPTIMIZATION line 43 a.j == 14
FAIL: gcc.dg/guality/vla-1.c   -O2 -flto -fuse-linker-plugin -fno-fat-lto-objects  -DPREVENT_OPTIMIZATION line 24 i == 5
FAIL: gcc.dg/guality/vla-1.c   -O2 -flto -fuse-linker-plugin -fno-fat-lto-objects  -DPREVENT_OPTIMIZATION line 24 sizeof (a) == 17 * sizeof (short)
FAIL: gcc.target/i386/cet-sjlj-6a.c scan-assembler-times movq\\t.*buf\\\\+8 1
FAIL: gcc.target/i386/cet-sjlj-6a.c scan-assembler-times subq\\tbuf\\\\+8 1
FAIL: gcc.target/i386/cet-sjlj-6b.c scan-assembler-times movq\\t.*buf\\\\+16 1
FAIL: gcc.target/i386/cet-sjlj-6b.c scan-assembler-times subq\\tbuf\\\\+16 1
FAIL: gcc.target/i386/fentryname3.c scan-assembler 0x0f, 0x1f, 0x44, 0x00, 0x00
FAIL: gcc.target/i386/mvc7.c scan-assembler foo.default,
FAIL: gcc.target/i386/mvc7.c scan-assembler foo.avx,
FAIL: gcc.target/i386/pr24414.c (test for excess errors)
UNRESOLVED: gcc.target/i386/pr24414.c compilation failed to produce executable
FAIL: gcc.target/i386/pr93492-3.c scan-assembler \\t.cfi_startproc\\n\\tendbr(32|64)\\n.*.LPFE1:\\n\\tnop\\n1:\\tcall\\t__fentry__\\n\\tret\\n
FAIL: gcc.target/i386/pr93492-5.c scan-assembler \\t.cfi_startproc\\n.*.LPFE1:\\n\\tnop\\n1:\\tcall\\t__fentry__\\n\\tret\\n
FAIL: gcc.target/i386/pr98482-1.c scan-assembler movabsq\\t\\\\\$__fentry__, %r10\\n\\tcall\\t\\\\*%r10

		=== gcc Summary ===

# of expected passes		181490
# of unexpected failures	72
# of unexpected successes	21
# of expected failures		1465
# of unresolved testcases	1
# of unsupported tests		2562
/home/rpmbuilder/rpmbuild/BUILD/gcc-12.2.0/build/gcc/xgcc  version 12.2.0 (GCC) 

		=== gdc tests ===


Running target unix

		=== gdc Summary ===

# of expected passes		12008
/home/rpmbuilder/rpmbuild/BUILD/gcc-12.2.0/build/gcc/gdc  version 12.2.0 (GCC) 

		=== gnat tests ===


Running target unix

		=== gnat Summary ===

# of expected passes		3395
# of expected failures		23
# of unsupported tests		3
/home/rpmbuilder/rpmbuild/BUILD/gcc-12.2.0/build/gcc/gnatmake version 12.2.0

		=== libatomic tests ===


Running target unix

		=== libatomic Summary ===

# of expected passes		54
		=== libgomp tests ===


Running target unix

		=== libgomp Summary ===

# of expected passes		4925
# of expected failures		33
# of unsupported tests		323
		=== libitm tests ===


Running target unix

		=== libitm Summary ===

# of expected passes		44
# of expected failures		3
# of unsupported tests		1
		=== libphobos tests ===


Running target unix

		=== libphobos Summary ===

# of expected passes		1019
		=== libstdc++ tests ===


Running target unix
FAIL: libstdc++-prettyprinters/80276.cc whatis p4
FAIL: libstdc++-prettyprinters/libfundts.cc print os
FAIL: libstdc++-prettyprinters/libfundts.cc print as
FAIL: libstdc++-prettyprinters/80276.cc whatis p4
FAIL: libstdc++-prettyprinters/libfundts.cc print os
FAIL: libstdc++-prettyprinters/libfundts.cc print as

		=== libstdc++ Summary ===

# of expected passes		16102
# of unexpected failures	6
# of expected failures		95
# of unsupported tests		370

Compiler version: 12.2.0 
Platform: x86_64-pc-linux-gnu
configure flags: --prefix=/usr --disable-multilib --with-system-zlib --enable-linker-build-id --enable-default-pie --enable-default-ssp --enable-languages=c,c++,ada,d
EOF
Mail -s "Results for 12.2.0 testsuite on x86_64-pc-linux-gnu" gcc-testresults@gcc.gnu.org &&
